<?xml version="1.0" encoding="UTF-8"?>
<!-- Generated by org.testng.reporters.JUnitReportReporter -->
<testsuite hostname="DESKTOP-EGKK7MF" name="test.Test_" tests="1" failures="0" timestamp="19 May 2016 00:33:29 GMT" time="22.599" errors="0">
  <testcase name="yahoo" time="22.599" classname="test.Test_"/>
</testsuite> <!-- test.Test_ -->
