<?xml version="1.0" encoding="UTF-8"?>
<!-- Generated by org.testng.reporters.JUnitReportReporter -->
<testsuite hostname="DESKTOP-EGKK7MF" name="base.Browser" tests="1" failures="0" timestamp="28 Oct 2016 05:43:27 GMT" time="11.415" errors="0">
  <testcase name="start" time="11.415" classname="base.Browser"/>
</testsuite> <!-- base.Browser -->
